Run Stats for experiment at: 05-04-2018 09:50:40
Run Stats for experiment at: 05-04-2018 09:51:18
Run Stats for experiment at: 05-04-2018 10:14:55
Run Stats for experiment at: 05-04-2018 10:15:46
Run Stats for experiment at: 05-04-2018 10:23:59
Run Stats for experiment at: 05-04-2018 10:24:03
Run Stats for experiment at: 05-04-2018 10:26:28
Run Stats for experiment at: 05-04-2018 10:29:32
Run Stats for experiment at: 05-04-2018 10:30:29
Run Stats for experiment at: 05-04-2018 10:30:52
Run Stats for experiment at: 05-04-2018 10:34:25
10289.0
9844.0
9858.0
9626.0
9914.0
10216.0
9945.0
10080.0
9843.0
9844.0
10046.0
9916.0
9933.0
9780.0
10146.0
10122.0
9865.0
9980.0
9948.0
9938.0
9560.0
9680.0
9977.0
9871.0
9821.0
9713.0
10296.0
9693.0
9903.0
10166.0
10019.0
9782.0
9996.0
9990.0
10199.0
9941.0
10012.0
10365.0
9914.0
10050.0
10076.0
9610.0
9916.0
10023.0
10280.0
9517.0
9894.0
10102.0
9823.0
10072.0
10168.0
10159.0
9812.0
9850.0
9991.0
10003.0
9773.0
9999.0
9788.0
10167.0
9664.0
9553.0
9500.0
9870.0
9975.0
9974.0
9776.0
9574.0
10089.0
9743.0
10354.0
9849.0
10183.0
10045.0
10109.0
9584.0
9734.0
10393.0
10156.0
9833.0
9985.0
10070.0
10029.0
9869.0
10330.0
9994.0
10219.0
9712.0
9983.0
9882.0
9644.0
9748.0
9818.0
9721.0
9701.0
10051.0
10126.0
9202.0
10146.0
10149.0
Run Stats for experiment at: 05-04-2018 12:02:53
Run Stats for experiment at: 05-04-2018 12:03:05
Run Stats for experiment at: 05-04-2018 12:03:37
Run Stats for experiment at: 05-04-2018 12:10:04
Run Stats for experiment at: 05-04-2018 12:10:55
Run Stats for experiment at: 05-04-2018 12:18:46
10122.0
10133.0
9816.0
9991.0
9960.0
10293.0
9814.0
9717.0
10372.0
9879.0
9886.0
10203.0
9775.0
9966.0
9669.0
9840.0
9867.0
10007.0
9606.0
9411.0
9676.0
9419.0
10173.0
10234.0
9716.0
10234.0
10295.0
10229.0
10062.0
10254.0
10065.0
9849.0
9939.0
9880.0
10240.0
9865.0
10340.0
9865.0
9487.0
9705.0
10234.0
9587.0
9932.0
10153.0
9914.0
9959.0
9875.0
10090.0
9683.0
9875.0
10134.0
9785.0
9795.0
10104.0
9605.0
9924.0
9773.0
9031.0
9956.0
9785.0
9828.0
10051.0
10072.0
9963.0
10116.0
10253.0
9517.0
9641.0
9276.0
9482.0
10157.0
9440.0
10037.0
10097.0
9492.0
9234.0
9788.0
10085.0
9942.0
9774.0
9980.0
10067.0
9911.0
10039.0
10173.0
9668.0
9673.0
9684.0
9869.0
9913.0
10166.0
9634.0
9580.0
9939.0
9656.0
10026.0
9825.0
10074.0
9546.0
9727.0
Run Stats for experiment at: 05-23-2018 09:09:59
Run Stats for experiment at: 05-23-2018 09:14:34
Run Stats for experiment at: 05-23-2018 09:15:12
Run Stats for experiment at: 05-23-2018 09:15:49
Run Stats for experiment at: 05-23-2018 09:16:48
11048.0
11785.0
11671.0
10613.0
10383.0
11552.0
11114.0
11502.0
10456.0
10905.0
11149.0
11223.0
10772.0
10578.0
11353.0
11302.0
10961.0
11373.0
11566.0
10719.0
10715.0
10683.0
10085.0
10910.0
10862.0
10551.0
11030.0
10957.0
10732.0
11129.0
11455.0
10352.0
11320.0
11161.0
11784.0
10638.0
10665.0
10949.0
11873.0
11861.0
11168.0
11247.0
11629.0
9905.0
11085.0
11914.0
11492.0
10669.0
11676.0
11390.0
10828.0
11604.0
11462.0
11484.0
10081.0
11296.0
11700.0
11437.0
10463.0
10364.0
9396.0
10762.0
10917.0
11777.0
11099.0
11232.0
11132.0
10999.0
12014.0
10858.0
11374.0
10371.0
10405.0
10595.0
11507.0
11481.0
11374.0
11298.0
11318.0
11866.0
10935.0
11185.0
10408.0
11468.0
10784.0
10291.0
10468.0
11359.0
11180.0
11302.0
11245.0
11500.0
11085.0
10212.0
11247.0
10608.0
10473.0
12176.0
10661.0
10958.0
Run Stats for experiment at: 05-23-2018 09:19:38
10221.0
11333.0
10258.0
11167.0
Run Stats for experiment at: 05-23-2018 09:20:36
Run Stats for experiment at: 05-23-2018 10:00:02
Run Stats for experiment at: 05-24-2018 10:17:44
Run Stats for experiment at: 05-24-2018 10:18:27
Run Stats for experiment at: 05-24-2018 10:18:35
Run Stats for experiment at: 05-24-2018 11:00:55
Run Stats for experiment at: 05-24-2018 11:20:14
Run Stats for experiment at: 05-24-2018 11:20:27
Run Stats for experiment at: 05-24-2018 11:20:34
Run Stats for experiment at: 05-24-2018 11:21:18
Run Stats for experiment at: 05-24-2018 11:22:39
10271.0
10779.0
10504.0
10889.0
10887.0
11124.0
11194.0
11143.0
10975.0
10988.0
10972.0
11883.0
10067.0
10227.0
11269.0
11147.0
10906.0
11424.0
11572.0
11023.0
11179.0
11677.0
10573.0
11329.0
10964.0
11228.0
11769.0
11093.0
11411.0
11446.0
10560.0
11090.0
10207.0
10573.0
11304.0
11314.0
10812.0
10669.0
10952.0
11142.0
10948.0
10572.0
11085.0
11553.0
11521.0
11059.0
10762.0
10220.0
10319.0
10524.0
10530.0
11325.0
11689.0
10738.0
10874.0
11557.0
11761.0
10812.0
11573.0
10783.0
11060.0
10356.0
10735.0
11491.0
11318.0
11716.0
11058.0
11141.0
11052.0
11352.0
11701.0
11567.0
10598.0
11734.0
11039.0
10523.0
10739.0
10910.0
10986.0
11063.0
11615.0
10964.0
10579.0
11537.0
11212.0
10618.0
10171.0
11195.0
10894.0
10466.0
11651.0
11709.0
11185.0
10467.0
10878.0
10560.0
11134.0
11134.0
10980.0
11051.0
Run Stats for experiment at: 05-24-2018 11:25:16
10128.0
11019.0
10576.0
10464.0
11431.0
11082.0
11339.0
11395.0
10927.0
10536.0
11270.0
10318.0
10797.0
11026.0
10876.0
10981.0
10942.0
11465.0
10772.0
11208.0
11124.0
10736.0
10818.0
10388.0
10926.0
12203.0
10393.0
10834.0
10827.0
11045.0
10876.0
11970.0
11260.0
11897.0
11269.0
11594.0
11385.0
10819.0
10872.0
11464.0
10772.0
11362.0
10833.0
10788.0
10457.0
11393.0
10130.0
11384.0
11112.0
10976.0
11555.0
11089.0
11399.0
11327.0
10130.0
10814.0
11325.0
11149.0
11194.0
10998.0
11503.0
11855.0
11272.0
10695.0
11208.0
Run Stats for experiment at: 05-24-2018 11:36:24
10491.0
10869.0
10049.0
10472.0
11285.0
11171.0
11007.0
11174.0
11193.0
11258.0
11327.0
10510.0
11788.0
11280.0
11156.0
11440.0
11188.0
10705.0
10594.0
10441.0
10784.0
10267.0
10542.0
11372.0
10479.0
10542.0
11483.0
10475.0
10857.0
10884.0
10762.0
10788.0
9365.0
11814.0
10947.0
11213.0
11204.0
11465.0
10453.0
10857.0
10995.0
11002.0
11011.0
10713.0
10735.0
11347.0
10853.0
10801.0
10840.0
12085.0
10504.0
11104.0
11149.0
10988.0
11122.0
11571.0
11437.0
10665.0
10485.0
11777.0
10659.0
11255.0
11592.0
10327.0
10763.0
10914.0
11467.0
10720.0
9923.0
10941.0
11176.0
10778.0
11823.0
10665.0
11016.0
11346.0
10335.0
11656.0
11636.0
10934.0
10513.0
10833.0
11289.0
10954.0
11113.0
11043.0
11402.0
11377.0
11420.0
11079.0
11443.0
11602.0
10727.0
11850.0
10931.0
11155.0
10757.0
11436.0
11009.0
11318.0
Run Stats for experiment at: 05-24-2018 11:41:15
10789.0
11038.0
11531.0
11613.0
11126.0
11705.0
11382.0
10889.0
10239.0
11207.0
12453.0
11295.0
11019.0
10616.0
11239.0
11168.0
11669.0
11680.0
11042.0
11288.0
11408.0
11177.0
11400.0
11329.0
10431.0
11805.0
11435.0
11300.0
10367.0
11523.0
11559.0
11546.0
11427.0
10017.0
10586.0
9379.0
10994.0
11385.0
11245.0
11549.0
10412.0
11152.0
10723.0
11009.0
11271.0
11291.0
10429.0
11049.0
11231.0
11865.0
11066.0
10449.0
10997.0
11147.0
10824.0
11150.0
11640.0
11797.0
10956.0
11632.0
10333.0
10254.0
11754.0
11809.0
10889.0
11353.0
10189.0
11427.0
11282.0
11646.0
10995.0
11318.0
10773.0
11113.0
11101.0
10998.0
10772.0
10699.0
10995.0
10764.0
10866.0
11503.0
10307.0
10403.0
11082.0
9974.0
10715.0
11101.0
11088.0
11048.0
11705.0
11373.0
11140.0
11120.0
10763.0
11227.0
11056.0
11294.0
11089.0
11787.0
Run Stats for experiment at: 05-24-2018 11:42:17
10858.0
11281.0
11878.0
10293.0
11377.0
11112.0
11408.0
10683.0
11413.0
11844.0
10930.0
11286.0
11235.0
10959.0
11571.0
10663.0
11074.0
11535.0
11245.0
11717.0
11828.0
11805.0
11797.0
10750.0
10742.0
10807.0
11053.0
11612.0
10363.0
10817.0
11527.0
11508.0
11377.0
10823.0
10874.0
9717.0
11485.0
11547.0
10252.0
11221.0
11372.0
11348.0
11255.0
11524.0
11263.0
11069.0
10685.0
11191.0
11148.0
10731.0
11108.0
10400.0
11646.0
11086.0
10698.0
10844.0
10875.0
10706.0
11038.0
11347.0
11190.0
11497.0
11395.0
11330.0
11089.0
11457.0
11481.0
10961.0
10444.0
11751.0
11343.0
11732.0
11766.0
11683.0
11566.0
11169.0
10697.0
11849.0
11129.0
11645.0
12156.0
11393.0
11307.0
10992.0
11600.0
11515.0
11395.0
11450.0
11121.0
10292.0
11217.0
11570.0
10719.0
10995.0
11007.0
11403.0
10675.0
10236.0
11193.0
11722.0
Run Stats for experiment at: 05-24-2018 11:48:46
10561.0
11004.0
11139.0
11717.0
11151.0
10468.0
11533.0
10919.0
10828.0
9900.0
11564.0
11230.0
11758.0
10548.0
10720.0
11312.0
10964.0
9728.0
10692.0
11285.0
10968.0
11236.0
11905.0
11502.0
10946.0
11524.0
11219.0
11191.0
10297.0
11719.0
10820.0
11405.0
11000.0
11481.0
10488.0
10572.0
10784.0
11074.0
11491.0
11919.0
10613.0
10779.0
12195.0
10944.0
11042.0
11235.0
11475.0
11512.0
10510.0
11107.0
11069.0
11475.0
11414.0
11301.0
11124.0
11337.0
10969.0
11600.0
10553.0
11249.0
11253.0
10911.0
11094.0
10739.0
11035.0
11551.0
11787.0
10873.0
11407.0
11115.0
10942.0
11548.0
12191.0
11446.0
11129.0
11203.0
11374.0
10785.0
11194.0
10326.0
11168.0
11251.0
11517.0
11491.0
11035.0
10967.0
11314.0
10072.0
11665.0
11296.0
10392.0
11398.0
11136.0
11057.0
9923.0
10342.0
11247.0
10814.0
11223.0
11517.0
Run Stats for experiment at: 05-24-2018 11:50:20
11077.0
11203.0
11212.0
11812.0
11053.0
10715.0
11064.0
10263.0
11591.0
10763.0
10717.0
11136.0
11298.0
11543.0
11052.0
11521.0
11325.0
11635.0
11301.0
10892.0
10707.0
11058.0
11139.0
11024.0
10889.0
11002.0
11167.0
10083.0
11213.0
12159.0
11717.0
11332.0
10715.0
11191.0
12029.0
11150.0
11254.0
10812.0
11632.0
10737.0
11638.0
11207.0
11190.0
11483.0
11159.0
10477.0
11948.0
11293.0
10078.0
10980.0
10670.0
10897.0
11252.0
10666.0
11345.0
10983.0
11435.0
11396.0
11553.0
10867.0
11437.0
11593.0
11119.0
11044.0
Run Stats for experiment at: 05-24-2018 12:15:09
Run Stats for experiment at: 05-24-2018 12:21:43
9715.0
Run Stats for experiment at: 05-24-2018 12:21:45
11395.0
10439.0
11134.0
11030.0
10837.0
11069.0
11091.0
10146.0
11261.0
10891.0
12026.0
11463.0
11072.0
10829.0
11137.0
10791.0
10649.0
11492.0
11153.0
10964.0
11182.0
11510.0
10989.0
11386.0
11878.0
11774.0
11069.0
10678.0
11328.0
11320.0
10901.0
11220.0
10795.0
11094.0
11266.0
10775.0
11746.0
10989.0
11504.0
10823.0
11351.0
10731.0
10247.0
10987.0
10774.0
10641.0
10933.0
10660.0
11537.0
10932.0
10335.0
11699.0
11013.0
11100.0
11502.0
11483.0
10897.0
11336.0
10910.0
10564.0
11613.0
11133.0
11109.0
11938.0
10770.0
10290.0
11286.0
11086.0
10569.0
11453.0
11184.0
11086.0
11305.0
11034.0
11449.0
10868.0
10664.0
10933.0
11646.0
11511.0
11979.0
11599.0
11249.0
10666.0
10812.0
10970.0
10339.0
11354.0
11144.0
10897.0
10974.0
11378.0
10875.0
11005.0
11082.0
11020.0
11311.0
11704.0
11340.0
11479.0
11833.0
11698.0
11425.0
11161.0
11121.0
11264.0
11414.0
11256.0
11598.0
11299.0
11150.0
10695.0
12009.0
10811.0
11271.0
11570.0
12309.0
11325.0
10870.0
11218.0
11004.0
10650.0
10666.0
10980.0
10556.0
10973.0
11264.0
11426.0
10968.0
10809.0
11056.0
11835.0
11076.0
11421.0
11165.0
10984.0
12003.0
11249.0
11063.0
11026.0
11114.0
11169.0
11312.0
11058.0
11104.0
11370.0
11449.0
11289.0
11057.0
11498.0
11129.0
10884.0
10606.0
11156.0
10800.0
11424.0
11053.0
11106.0
11732.0
10739.0
11154.0
11662.0
10681.0
11485.0
10941.0
10936.0
11500.0
11731.0
11049.0
11303.0
11484.0
10933.0
11040.0
10663.0
11377.0
11376.0
11596.0
11565.0
11172.0
11160.0
10882.0
10996.0
9996.0
10936.0
11624.0
11896.0
10611.0
11098.0
11054.0
10714.0
11038.0
11786.0
11626.0
11428.0
10704.0
11522.0
10450.0
11572.0
11103.0
Run Stats for experiment at: 05-24-2018 12:25:01
Run Stats for experiment at: 05-24-2018 14:10:39
Run Stats for experiment at: 05-24-2018 14:17:31
Run Stats for experiment at: 05-24-2018 14:18:28
10756.0
11073.0
12108.0
11866.0
10680.0
11742.0
11163.0
12132.0
10581.0
11226.0
10540.0
10975.0
11066.0
9958.0
9874.0
10830.0
10685.0
11382.0
10998.0
11462.0
11354.0
10815.0
11334.0
10721.0
12146.0
11259.0
11649.0
11576.0
10846.0
11451.0
10197.0
11237.0
10917.0
10871.0
10790.0
10810.0
11134.0
11024.0
11499.0
11306.0
11330.0
11563.0
10630.0
11509.0
11055.0
11424.0
11292.0
11070.0
11519.0
10892.0
10647.0
11163.0
11089.0
11237.0
11349.0
10987.0
10373.0
11128.0
11580.0
10563.0
11441.0
11255.0
11604.0
10847.0
10271.0
10634.0
11495.0
11480.0
11137.0
11049.0
10876.0
11667.0
10821.0
11362.0
11506.0
11006.0
11086.0
11045.0
11366.0
10784.0
11345.0
11031.0
10820.0
12065.0
10800.0
10701.0
10931.0
11913.0
11046.0
11472.0
10990.0
11945.0
11134.0
11165.0
11886.0
10935.0
10907.0
11579.0
11316.0
11289.0
Run Stats for experiment at: 05-24-2018 14:22:16
Run Stats for experiment at: 05-24-2018 14:23:03
Run Stats for experiment at: 05-24-2018 14:23:21
6848.0
6782.0
6244.0
6332.0
7518.0
6834.0
8246.0
7709.0
7331.0
7395.0
6861.0
7293.0
7325.0
6296.0
5728.0
7387.0
7412.0
7886.0
7414.0
7594.0
7091.0
6340.0
7467.0
7137.0
8236.0
6729.0
7316.0
6710.0
7853.0
6992.0
7917.0
8423.0
7539.0
6566.0
7933.0
8041.0
6229.0
6827.0
7729.0
7361.0
6430.0
6975.0
7234.0
5973.0
7478.0
7087.0
6204.0
7484.0
6700.0
6921.0
7497.0
6787.0
4907.0
6407.0
7189.0
6141.0
5872.0
7079.0
7756.0
6828.0
7395.0
6337.0
8077.0
7235.0
7418.0
6978.0
6821.0
7623.0
6331.0
6710.0
7367.0
7610.0
7000.0
6629.0
6054.0
7665.0
6750.0
6241.0
7184.0
6970.0
6617.0
6124.0
7648.0
6555.0
7210.0
7242.0
7856.0
7115.0
6824.0
7195.0
7832.0
7708.0
7493.0
7330.0
7516.0
7861.0
7050.0
8234.0
5527.0
6680.0
Run Stats for experiment at: 05-24-2018 14:27:40
9465.0
10336.0
10174.0
9769.0
10196.0
10202.0
10073.0
10000.0
10309.0
9871.0
10062.0
10226.0
10011.0
9708.0
10138.0
10354.0
9530.0
10143.0
10105.0
10323.0
10435.0
10238.0
9931.0
10127.0
9969.0
9886.0
10149.0
10296.0
9868.0
10392.0
10627.0
9918.0
9983.0
9737.0
10553.0
10431.0
10206.0
10243.0
9380.0
9930.0
10310.0
10137.0
10179.0
9311.0
9978.0
10164.0
10169.0
10068.0
10247.0
9831.0
9244.0
10117.0
9952.0
10253.0
10301.0
10316.0
10176.0
9552.0
9757.0
10292.0
9595.0
9852.0
10147.0
10205.0
9931.0
10217.0
10176.0
10005.0
10368.0
10053.0
9667.0
10153.0
10164.0
10139.0
9679.0
10137.0
10117.0
10341.0
9559.0
10272.0
10221.0
9120.0
10022.0
10018.0
10112.0
10149.0
9761.0
10088.0
10292.0
10004.0
10268.0
9963.0
10672.0
9915.0
10194.0
10303.0
9993.0
10206.0
10160.0
10340.0
Run Stats for experiment at: 05-24-2018 14:28:30
7025.0
7552.0
6979.0
7390.0
7786.0
6714.0
5564.0
7298.0
7708.0
6747.0
5540.0
7186.0
7531.0
7207.0
8318.0
7558.0
6211.0
7409.0
6256.0
8423.0
7039.0
8120.0
7483.0
6965.0
7210.0
7324.0
7178.0
6794.0
7325.0
6787.0
7458.0
6861.0
7712.0
6802.0
7243.0
7310.0
7386.0
5782.0
6361.0
6744.0
5027.0
8094.0
6300.0
7714.0
7626.0
5961.0
7972.0
8130.0
6452.0
7286.0
5942.0
6523.0
6757.0
7916.0
7578.0
6329.0
8252.0
8323.0
7643.0
6796.0
6694.0
6715.0
7668.0
7236.0
7752.0
6927.0
5466.0
7440.0
7054.0
6359.0
6911.0
7312.0
7016.0
8157.0
6856.0
8093.0
7499.0
5711.0
6176.0
7708.0
6312.0
6256.0
7164.0
6845.0
8008.0
7397.0
7801.0
7609.0
7677.0
7006.0
7188.0
5890.0
6884.0
7212.0
6671.0
7610.0
7094.0
7609.0
7936.0
7795.0
Run Stats for experiment at: 05-25-2018 14:33:50
Run Stats for experiment at: 05-25-2018 14:37:35
Run Stats for experiment at: 05-25-2018 14:38:57
Run Stats for experiment at: 05-25-2018 14:39:15
Run Stats for experiment at: 05-25-2018 14:44:17
Run Stats for experiment at: 05-25-2018 14:44:21
9934.0
11990.0
10207.0
11076.0
11165.0
10733.0
11261.0
11729.0
10505.0
11283.0
11095.0
10940.0
11282.0
10969.0
10830.0
10750.0
11085.0
10550.0
10978.0
11178.0
11215.0
11376.0
11112.0
10774.0
11643.0
11145.0
11691.0
11128.0
11382.0
11773.0
11277.0
11111.0
Run Stats for experiment at: 05-25-2018 14:44:48
Run Stats for experiment at: 05-26-2018 14:03:25
10664.0
11096.0
11157.0
11390.0
11194.0
11560.0
10984.0
10790.0
11158.0
11426.0
11634.0
10496.0
10563.0
11234.0
10924.0
10484.0
10551.0
11662.0
11218.0
10395.0
11322.0
11739.0
11138.0
11761.0
10869.0
10993.0
12067.0
12099.0
11534.0
11544.0
11201.0
11692.0
11201.0
10801.0
11103.0
11380.0
12029.0
11210.0
11197.0
10723.0
11270.0
11412.0
11132.0
10815.0
11347.0
11671.0
11221.0
10683.0
10900.0
10746.0
10926.0
11608.0
11294.0
10738.0
11375.0
11183.0
11309.0
10995.0
10998.0
10818.0
11154.0
10603.0
11842.0
11155.0
10669.0
11244.0
10874.0
11210.0
10314.0
11213.0
10587.0
11115.0
10855.0
11711.0
10944.0
11017.0
11248.0
11703.0
11195.0
10808.0
11435.0
10958.0
11002.0
11947.0
11214.0
10686.0
11274.0
10432.0
11447.0
10939.0
11232.0
10374.0
11365.0
11191.0
10244.0
11432.0
10609.0
10958.0
10815.0
10839.0
Run Stats for experiment at: 05-26-2018 19:41:56
Run Stats for experiment at: 05-26-2018 19:59:39
Run Stats for experiment at: 05-26-2018 20:06:58
11209.0
10793.0
11004.0
11872.0
11616.0
10339.0
10944.0
11071.0
11476.0
10945.0
11420.0
11126.0
10279.0
11066.0
10326.0
11539.0
11200.0
10675.0
11491.0
10891.0
10568.0
12135.0
10723.0
10869.0
11430.0
11389.0
11225.0
11309.0
10604.0
10520.0
10676.0
11587.0
11015.0
10529.0
11090.0
11735.0
11354.0
10638.0
12071.0
11066.0
10875.0
11662.0
11270.0
11237.0
11210.0
11616.0
10466.0
11679.0
Run Stats for experiment at: 05-26-2018 20:07:43
6635.0
7796.0
6664.0
7892.0
7459.0
6248.0
7698.0
8137.0
7529.0
6497.0
6213.0
7094.0
6558.0
7068.0
8548.0
7653.0
6488.0
7936.0
7763.0
6756.0
8081.0
6329.0
6545.0
8073.0
7726.0
6615.0
6064.0
7564.0
7954.0
6865.0
7922.0
7537.0
7114.0
7829.0
6048.0
6300.0
6426.0
6950.0
7514.0
7508.0
6928.0
6212.0
7002.0
7748.0
6164.0
7214.0
7693.0
7688.0
8356.0
5855.0
7134.0
7313.0
6864.0
6545.0
6136.0
7358.0
5832.0
5885.0
7694.0
7217.0
6775.0
6890.0
7588.0
6101.0
5760.0
7101.0
7875.0
7252.0
6386.0
6742.0
7755.0
7727.0
6736.0
6707.0
7025.0
6417.0
7330.0
6156.0
8056.0
6304.0
7621.0
6134.0
6828.0
7892.0
8346.0
8256.0
7024.0
7106.0
5829.0
7531.0
7880.0
6580.0
7363.0
7329.0
7289.0
6882.0
7415.0
8446.0
6941.0
7033.0
Run Stats for experiment at: 05-27-2018 08:01:36
7615.0
7168.0
6641.0
7195.0
7798.0
7827.0
7430.0
6598.0
7267.0
6732.0
7504.0
7241.0
8374.0
7851.0
7490.0
7195.0
6307.0
6666.0
5827.0
6783.0
7637.0
6775.0
6491.0
8179.0
7003.0
7284.0
5217.0
7046.0
6247.0
6565.0
7987.0
5663.0
5894.0
7109.0
6531.0
7273.0
6523.0
6461.0
7209.0
7326.0
6796.0
5509.0
7408.0
7334.0
7607.0
6244.0
7664.0
7415.0
5820.0
5795.0
6537.0
7793.0
8459.0
7332.0
6501.0
7652.0
6738.0
5271.0
6327.0
6828.0
7350.0
6856.0
7885.0
6383.0
6119.0
5715.0
7635.0
5864.0
6481.0
6987.0
6144.0
7209.0
6825.0
7467.0
6978.0
6840.0
6847.0
7148.0
6794.0
7568.0
6819.0
7336.0
7198.0
6883.0
5500.0
7577.0
6308.0
6594.0
6354.0
6920.0
7922.0
7221.0
6782.0
5689.0
7498.0
6688.0
6319.0
8211.0
6134.0
7746.0
Run Stats for experiment at: 05-30-2018 20:48:59
Run Stats for experiment at: 06-02-2018 07:50:05
Run Stats for experiment at: 06-02-2018 08:02:22
Run Stats for experiment at: 06-02-2018 08:07:01
Run Stats for experiment at: 06-02-2018 08:09:21
Run Stats for experiment at: 06-02-2018 08:09:24
Run Stats for experiment at: 06-02-2018 08:10:49
Run Stats for experiment at: 06-02-2018 08:10:59
Run Stats for experiment at: 06-02-2018 08:13:19
Run Stats for experiment at: 06-02-2018 08:16:32
Run Stats for experiment at: 06-02-2018 08:16:36
0.0
0.0
0.0
0.0
0.0
0.0
0.0
0.0
0.0
0.0
0.0
0.0
0.0
0.0
0.0
0.0
0.0
0.0
0.0
0.0
0.0
0.0
Run Stats for experiment at: 06-02-2018 08:19:49
5433.0
6453.0
5770.0
5670.0
5682.0
6065.0
5876.0
5375.0
5660.0
5865.0
6562.0
6552.0
5186.0
6179.0
5504.0
5460.0
6409.0
5713.0
5436.0
5742.0
6736.0
6166.0
5071.0
6363.0
6308.0
6040.0
5981.0
6502.0
6481.0
6169.0
5463.0
6362.0
6305.0
6057.0
6034.0
6471.0
6424.0
6778.0
6080.0
5983.0
5817.0
6379.0
5845.0
6575.0
5679.0
6429.0
5991.0
5934.0
6131.0
5052.0
5841.0
6229.0
6301.0
5011.0
6416.0
5671.0
5836.0
6529.0
6138.0
5960.0
5672.0
5570.0
6134.0
6115.0
6468.0
5882.0
5721.0
6327.0
6191.0
5488.0
5967.0
6034.0
5172.0
6554.0
5661.0
5903.0
6190.0
5841.0
5696.0
6267.0
5751.0
5668.0
6654.0
5321.0
5728.0
5794.0
5465.0
6096.0
6514.0
5783.0
5854.0
6058.0
6139.0
6318.0
6365.0
6089.0
6205.0
5879.0
6116.0
5705.0
Run Stats for experiment at: 06-02-2018 08:33:16
6344.0
5766.0
5884.0
6097.0
6417.0
5933.0
5942.0
5861.0
6245.0
6596.0
6381.0
6060.0
5527.0
5773.0
6723.0
6793.0
5547.0
6718.0
5521.0
6653.0
5851.0
5619.0
5966.0
5055.0
6468.0
6019.0
6480.0
6066.0
6191.0
6459.0
6210.0
5899.0
6041.0
6351.0
5994.0
6028.0
5532.0
5828.0
6081.0
6516.0
6643.0
6386.0
6294.0
6066.0
5651.0
5862.0
6036.0
5656.0
5591.0
5837.0
5843.0
6215.0
6447.0
5369.0
6041.0
6035.0
5645.0
6212.0
5932.0
6381.0
6094.0
6328.0
5734.0
5380.0
6072.0
5777.0
6858.0
6199.0
6485.0
6211.0
6502.0
5469.0
6046.0
5826.0
6146.0
5966.0
6613.0
6167.0
5942.0
6524.0
6122.0
5891.0
5451.0
6189.0
5601.0
5902.0
5586.0
5555.0
5966.0
5873.0
6565.0
5446.0
5631.0
6032.0
5709.0
5842.0
6066.0
5565.0
6417.0
6242.0
Run Stats for experiment at: 06-02-2018 08:36:37
10293.0
9404.0
10607.0
9938.0
9752.0
9287.0
9710.0
9391.0
10154.0
10182.0
9822.0
9831.0
8643.0
9885.0
8949.0
8829.0
10311.0
10100.0
10491.0
9828.0
9392.0
9344.0
9528.0
8884.0
9885.0
9579.0
9828.0
9944.0
9317.0
10581.0
10423.0
9741.0
9288.0
8915.0
9537.0
9517.0
9623.0
9597.0
9348.0
9404.0
9323.0
10384.0
10603.0
9893.0
9880.0
9704.0
10339.0
9523.0
10252.0
9901.0
9322.0
10488.0
9842.0
9946.0
9172.0
9489.0
9818.0
9991.0
10296.0
10099.0
10432.0
10278.0
8887.0
9529.0
10065.0
9036.0
Run Stats for experiment at: 06-02-2018 08:37:14
9478.0
10198.0
9549.0
9552.0
9660.0
9818.0
9782.0
9710.0
9912.0
9347.0
10026.0
10465.0
9809.0
10360.0
10281.0
9741.0
9638.0
9129.0
9920.0
10465.0
9653.0
8826.0
9530.0
9412.0
9610.0
9330.0
9628.0
9119.0
9529.0
10468.0
9360.0
10528.0
9342.0
10109.0
9794.0
8627.0
9280.0
10142.0
8808.0
9646.0
9346.0
9329.0
10348.0
9757.0
10091.0
8696.0
10650.0
10088.0
9139.0
8921.0
9824.0
10187.0
8502.0
10390.0
9699.0
9455.0
9774.0
9683.0
9688.0
9186.0
10325.0
9764.0
10622.0
10141.0
9508.0
10178.0
9253.0
8985.0
9999.0
10002.0
9512.0
9654.0
10314.0
10306.0
10398.0
9163.0
9516.0
10243.0
9327.0
10824.0
10315.0
10266.0
10150.0
9991.0
10296.0
10118.0
9839.0
10408.0
9595.0
9393.0
9248.0
9572.0
8969.0
8709.0
8891.0
10026.0
8956.0
9658.0
10011.0
10247.0
Run Stats for experiment at: 06-02-2018 08:41:00
6494.0
6436.0
6222.0
6096.0
6625.0
5768.0
5838.0
5473.0
5951.0
5780.0
6253.0
6165.0
5747.0
6242.0
5893.0
5841.0
6426.0
6287.0
6165.0
6461.0
5276.0
5502.0
6769.0
6048.0
5847.0
6308.0
5579.0
5365.0
5838.0
6239.0
6116.0
6597.0
6211.0
6857.0
6284.0
6155.0
5725.0
6376.0
5670.0
6224.0
6477.0
6237.0
6107.0
6213.0
6161.0
5925.0
5560.0
5968.0
6391.0
5841.0
6418.0
5955.0
5801.0
5394.0
6249.0
6053.0
6087.0
5951.0
6085.0
6217.0
5754.0
6247.0
6268.0
6254.0
6230.0
6037.0
5844.0
6256.0
6533.0
5684.0
6342.0
6766.0
6106.0
6177.0
6395.0
5868.0
6732.0
5327.0
6521.0
5613.0
5594.0
6285.0
5561.0
5887.0
5887.0
6421.0
5789.0
5784.0
5792.0
5770.0
5320.0
6796.0
6476.0
5606.0
6023.0
6482.0
6236.0
6494.0
6218.0
6841.0
Run Stats for experiment at: 06-02-2018 18:11:06
Run Stats for experiment at: 06-02-2018 18:14:13
Run Stats for experiment at: 06-02-2018 18:33:46
Run Stats for experiment at: 06-02-2018 18:36:40
Run Stats for experiment at: 06-02-2018 18:38:57
Run Stats for experiment at: 06-02-2018 18:42:06
Run Stats for experiment at: 06-02-2018 18:44:00
Run Stats for experiment at: 06-02-2018 18:46:18
Run Stats for experiment at: 06-02-2018 21:05:05
Run Stats for experiment at: 06-02-2018 21:11:24
Run Stats for experiment at: 06-02-2018 21:41:49
Run Stats for experiment at: 06-02-2018 21:57:38
Run Stats for experiment at: 06-02-2018 22:11:12
Run Stats for experiment at: 06-02-2018 22:12:07
Run Stats for experiment at: 06-03-2018 07:58:08
10036.0
10082.0
10201.0
9972.0
10331.0
9813.0
9765.0
10109.0
9987.0
10077.0
9449.0
10248.0
10148.0
10192.0
9665.0
9798.0
9447.0
9968.0
10001.0
9956.0
10314.0
9886.0
9437.0
9857.0
10028.0
9830.0
9962.0
9994.0
9974.0
10108.0
10112.0
Run Stats for experiment at: 06-03-2018 12:15:01
Run Stats for experiment at: 06-03-2018 12:17:18
Run Stats for experiment at: 06-03-2018 12:20:00
9908.0
9871.0
9991.0
9207.0
9714.0
9552.0
8757.0
10069.0
10547.0
10238.0
9985.0
9288.0
9938.0
10090.0
10236.0
9266.0
9779.0
10015.0
9778.0
9565.0
10181.0
9992.0
9727.0
9009.0
9836.0
9115.0
9518.0
Run Stats for experiment at: 06-03-2018 12:40:56
Run Stats for experiment at: 06-03-2018 12:42:34
Run Stats for experiment at: 06-03-2018 12:42:51
10180.0
9129.0
10296.0
9060.0
10578.0
9391.0
10346.0
10256.0
10131.0
10495.0
10528.0
9716.0
10248.0
10348.0
10097.0
9312.0
9636.0
9531.0
9983.0
9159.0
9973.0
9925.0
9262.0
9699.0
9818.0
9226.0
9608.0
10380.0
10278.0
10101.0
9540.0
9151.0
10219.0
9550.0
10149.0
9460.0
9930.0
10088.0
10193.0
8859.0
9177.0
10388.0
9392.0
9892.0
8846.0
10037.0
10507.0
10042.0
9729.0
10390.0
10373.0
10736.0
9635.0
9680.0
10368.0
10308.0
9150.0
10533.0
9198.0
9694.0
8936.0
9684.0
8861.0
9555.0
9371.0
9991.0
9096.0
9439.0
9348.0
10318.0
9311.0
9609.0
10369.0
9972.0
10776.0
9946.0
9343.0
10384.0
9507.0
9616.0
10741.0
9698.0
10238.0
9917.0
10061.0
9210.0
10369.0
9454.0
9439.0
9387.0
10052.0
8579.0
10457.0
9905.0
8806.0
9457.0
10351.0
9553.0
9211.0
10174.0
Run Stats for experiment at: 06-03-2018 12:44:25
5886.0
5816.0
6100.0
5276.0
6166.0
6334.0
6987.0
6252.0
6242.0
5527.0
6450.0
5062.0
5885.0
6393.0
6107.0
6124.0
5596.0
5104.0
6300.0
5868.0
6490.0
6170.0
6156.0
6282.0
6251.0
5452.0
6388.0
5734.0
5973.0
6188.0
6221.0
5992.0
6032.0
6254.0
5894.0
6196.0
6080.0
6112.0
6116.0
6264.0
6771.0
5618.0
6138.0
6675.0
5937.0
6374.0
6706.0
5837.0
5005.0
5686.0
5674.0
6097.0
6368.0
5428.0
6151.0
5878.0
5729.0
6440.0
6070.0
6541.0
6248.0
5412.0
6131.0
5448.0
6410.0
6823.0
6188.0
6658.0
5914.0
6104.0
5912.0
6283.0
5983.0
5111.0
5511.0
5551.0
5691.0
5630.0
6247.0
7283.0
5733.0
5714.0
6429.0
6090.0
5677.0
5683.0
6245.0
6194.0
5655.0
6125.0
5826.0
6450.0
6487.0
6361.0
6062.0
6024.0
6144.0
5719.0
5980.0
5838.0
Run Stats for experiment at: 06-03-2018 18:18:07
Run Stats for experiment at: 06-03-2018 18:18:18
6207.0
6363.0
6206.0
6545.0
5979.0
7415.0
5727.0
7079.0
5532.0
6758.0
5918.0
6635.0
6085.0
6019.0
5914.0
6147.0
7240.0
6392.0
6404.0
5897.0
6213.0
6257.0
6584.0
6377.0
6514.0
7450.0
6618.0
6257.0
6111.0
6981.0
6229.0
6683.0
6438.0
6020.0
7379.0
7266.0
6547.0
5967.0
5761.0
7148.0
6178.0
6700.0
6757.0
5653.0
6013.0
6729.0
6789.0
5821.0
6209.0
7026.0
6306.0
7261.0
7221.0
7111.0
7103.0
6896.0
7173.0
5986.0
5802.0
6222.0
6465.0
6270.0
6135.0
6235.0
7104.0
5925.0
6796.0
6335.0
6228.0
7067.0
6623.0
6943.0
6945.0
6931.0
5941.0
6401.0
6794.0
6681.0
6995.0
5426.0
6744.0
6840.0
7310.0
6363.0
6427.0
6744.0
7070.0
5865.0
6766.0
6234.0
6854.0
6579.0
6040.0
6707.0
6918.0
6965.0
6858.0
6576.0
6189.0
6749.0
Run Stats for experiment at: 06-03-2018 18:31:22
Run Stats for experiment at: 06-03-2018 18:32:24
6459.0
7087.0
6521.0
6636.0
5840.0
6135.0
6568.0
6668.0
7097.0
6285.0
5920.0
6440.0
5961.0
Run Stats for experiment at: 06-03-2018 18:33:43
9367.0
9472.0
9539.0
9145.0
9295.0
9571.0
8936.0
9657.0
9186.0
9033.0
9436.0
9140.0
9112.0
9775.0
8988.0
9485.0
8246.0
9533.0
9748.0
9242.0
9626.0
9016.0
8886.0
8999.0
9440.0
9015.0
9372.0
9348.0
Run Stats for experiment at: 06-03-2018 18:33:55
9606.0
9331.0
9424.0
9407.0
9366.0
9378.0
9573.0
8649.0
8956.0
Run Stats for experiment at: 06-03-2018 18:33:59
9356.0
9341.0
9043.0
9154.0
9465.0
8975.0
9194.0
9233.0
9268.0
9171.0
9651.0
9254.0
9121.0
9312.0
9044.0
8782.0
9257.0
9350.0
9317.0
9792.0
9657.0
9355.0
Run Stats for experiment at: 06-03-2018 18:34:10
9471.0
9351.0
9301.0
9494.0
9638.0
9234.0
9558.0
9638.0
9152.0
9425.0
9446.0
9377.0
9834.0
Run Stats for experiment at: 06-03-2018 18:34:31
6198.0
6923.0
5756.0
5959.0
6097.0
6288.0
6273.0
5640.0
6442.0
5740.0
5746.0
6498.0
6541.0
6278.0
6319.0
6029.0
6100.0
6034.0
Run Stats for experiment at: 06-03-2018 18:38:51
6948.0
6135.0
5597.0
6313.0
5973.0
6439.0
5341.0
5817.0
6499.0
5725.0
5427.0
6589.0
5281.0
6158.0
Run Stats for experiment at: 06-03-2018 18:39:06
6460.0
5956.0
6069.0
6836.0
6378.0
6796.0
6886.0
6755.0
6424.0
6722.0
6266.0
6398.0
6286.0
6533.0
5871.0
6550.0
5949.0
6289.0
6240.0
6682.0
6813.0
5747.0
6075.0
7140.0
6491.0
6186.0
6175.0
6675.0
6084.0
5726.0
6603.0
6226.0
6745.0
5964.0
6307.0
6828.0
6947.0
6340.0
6497.0
5943.0
6268.0
6216.0
6220.0
6084.0
6267.0
5792.0
6321.0
5738.0
6640.0
6193.0
6657.0
7036.0
6021.0
6630.0
6681.0
6099.0
6828.0
6670.0
6267.0
5665.0
5534.0
6655.0
6120.0
6048.0
6423.0
6645.0
6101.0
6263.0
6526.0
5924.0
6634.0
6185.0
5996.0
6285.0
6452.0
5534.0
6648.0
6917.0
6560.0
6627.0
6624.0
6142.0
6128.0
6342.0
6253.0
5760.0
7091.0
6323.0
6136.0
6324.0
7090.0
6342.0
5827.0
6651.0
6300.0
6585.0
6987.0
6073.0
6230.0
6863.0
Run Stats for experiment at: 06-03-2018 18:56:57
5059.0
5627.0
5349.0
5108.0
4535.0
5291.0
4963.0
4849.0
4775.0
4586.0
5196.0
4748.0
5102.0
4944.0
4932.0
5226.0
5175.0
5034.0
4738.0
5188.0
4984.0
5171.0
5620.0
4878.0
4472.0
5353.0
4900.0
4793.0
5511.0
4375.0
5377.0
4693.0
5246.0
5054.0
5185.0
5221.0
5691.0
5099.0
5388.0
4864.0
5131.0
4463.0
5018.0
4995.0
4727.0
4899.0
4911.0
4636.0
4590.0
4559.0
4997.0
4847.0
5157.0
5037.0
4839.0
5141.0
4937.0
5064.0
5089.0
4987.0
5431.0
4519.0
4927.0
5287.0
4936.0
4592.0
4716.0
5654.0
5061.0
4880.0
4786.0
5129.0
5016.0
4633.0
5074.0
4658.0
4535.0
4979.0
5132.0
4962.0
5034.0
4268.0
4782.0
4977.0
5639.0
5056.0
4935.0
5423.0
4798.0
5147.0
4916.0
5152.0
4952.0
5675.0
4939.0
4569.0
4487.0
5362.0
5228.0
5084.0
Run Stats for experiment at: 06-03-2018 18:59:49
6504.0
5622.0
5762.0
5888.0
6510.0
6400.0
6693.0
6663.0
5778.0
6096.0
5790.0
6324.0
6194.0
6986.0
6342.0
6486.0
6635.0
6266.0
6716.0
6721.0
6619.0
6384.0
7548.0
6449.0
6469.0
6898.0
7238.0
7616.0
6536.0
6801.0
6533.0
5884.0
6327.0
7008.0
6576.0
6454.0
6224.0
6834.0
6784.0
6257.0
6873.0
6385.0
6039.0
6660.0
6488.0
6957.0
5952.0
6221.0
6322.0
7150.0
5775.0
6589.0
6919.0
6040.0
6099.0
6493.0
6328.0
6117.0
7207.0
6151.0
7248.0
5770.0
6259.0
5816.0
6986.0
6495.0
7016.0
6563.0
6733.0
6807.0
6037.0
6438.0
7737.0
7296.0
7073.0
6727.0
6143.0
5955.0
6078.0
6166.0
6621.0
6984.0
6136.0
6767.0
6824.0
6757.0
6190.0
6102.0
6858.0
7112.0
6199.0
6394.0
6781.0
6609.0
6373.0
6670.0
7004.0
7266.0
6617.0
6419.0
Run Stats for experiment at: 06-03-2018 19:00:33
4962.0
4528.0
5330.0
4672.0
5255.0
4798.0
5003.0
5157.0
4869.0
5149.0
4793.0
4942.0
5184.0
5121.0
4456.0
5146.0
5159.0
4922.0
4674.0
5135.0
5245.0
5216.0
4677.0
4455.0
5126.0
4681.0
4673.0
5104.0
5088.0
5109.0
5340.0
5336.0
4874.0
4361.0
5159.0
4750.0
5161.0
5146.0
5165.0
5012.0
4840.0
5099.0
5145.0
4748.0
5082.0
4794.0
4891.0
5120.0
5461.0
5081.0
4614.0
4702.0
5430.0
5081.0
4872.0
5287.0
5065.0
5018.0
5039.0
5370.0
4478.0
4405.0
4699.0
5281.0
4928.0
5174.0
4608.0
4951.0
5210.0
4598.0
5333.0
5004.0
4955.0
4939.0
5021.0
4908.0
4886.0
4907.0
5144.0
4903.0
4749.0
4765.0
5261.0
5129.0
5242.0
4704.0
5371.0
5701.0
4943.0
4853.0
4983.0
5083.0
5103.0
5120.0
4703.0
4824.0
4457.0
4768.0
5091.0
4884.0
Run Stats for experiment at: 06-03-2018 19:01:30
5206.0
5225.0
4981.0
5494.0
4828.0
5450.0
5452.0
5336.0
5380.0
5879.0
5007.0
5397.0
4835.0
4893.0
6080.0
5354.0
5204.0
5067.0
5308.0
5808.0
4600.0
4897.0
5092.0
5124.0
4865.0
5336.0
4983.0
5762.0
5183.0
4189.0
5428.0
4348.0
5126.0
5522.0
5092.0
4746.0
4768.0
5053.0
5029.0
5190.0
4917.0
4763.0
4806.0
5208.0
5047.0
4795.0
5374.0
5720.0
5138.0
5352.0
4745.0
4948.0
5734.0
5083.0
5455.0
5316.0
4688.0
5365.0
4929.0
4820.0
4933.0
4172.0
4810.0
4824.0
5153.0
4801.0
4935.0
5536.0
5541.0
4772.0
5126.0
4619.0
5154.0
4816.0
5628.0
5191.0
5387.0
4670.0
5004.0
5074.0
4348.0
5176.0
4530.0
4952.0
5162.0
5406.0
4917.0
4734.0
5510.0
5002.0
5050.0
5299.0
5147.0
4980.0
5540.0
5126.0
5284.0
5337.0
5284.0
4797.0
Run Stats for experiment at: 06-03-2018 19:02:23
5151.0
4846.0
5038.0
5435.0
4938.0
5109.0
5217.0
4772.0
5494.0
4790.0
4838.0
5830.0
4934.0
6046.0
5239.0
4966.0
5255.0
5359.0
5039.0
5102.0
5156.0
4453.0
5097.0
4936.0
5039.0
4969.0
5283.0
5143.0
5103.0
5191.0
5799.0
5833.0
5269.0
4852.0
5192.0
5154.0
5020.0
5104.0
4847.0
5253.0
5167.0
5434.0
5159.0
5222.0
5313.0
4917.0
5398.0
4917.0
4749.0
5001.0
4692.0
5006.0
5002.0
4972.0
5008.0
5503.0
5228.0
5402.0
5813.0
5606.0
5152.0
5264.0
5056.0
4526.0
5307.0
5341.0
4942.0
5514.0
5138.0
5072.0
5411.0
5467.0
5311.0
5636.0
4863.0
5016.0
5300.0
4891.0
4422.0
4687.0
5167.0
5243.0
5246.0
4921.0
5720.0
4752.0
5033.0
4477.0
4917.0
5225.0
5076.0
5099.0
4802.0
5114.0
4395.0
5613.0
4962.0
5330.0
4777.0
5111.0
Run Stats for experiment at: 06-03-2018 19:03:09
8325.0
8519.0
8706.0
8583.0
8143.0
8522.0
8814.0
8537.0
9382.0
8384.0
8447.0
7966.0
8421.0
8591.0
8391.0
8257.0
8518.0
8633.0
9292.0
8296.0
Run Stats for experiment at: 06-03-2018 19:03:24
5366.0
5186.0
5509.0
5111.0
4882.0
4656.0
4834.0
5316.0
5198.0
4946.0
6069.0
5795.0
5337.0
5495.0
5555.0
6035.0
4467.0
5482.0
5176.0
5012.0
5614.0
5343.0
5631.0
5198.0
5297.0
5174.0
5341.0
5286.0
6147.0
5138.0
5672.0
5505.0
5406.0
5295.0
4836.0
5017.0
5146.0
5522.0
5274.0
5305.0
6264.0
4682.0
5796.0
4950.0
5513.0
5205.0
5533.0
5617.0
5298.0
5387.0
5320.0
5194.0
5041.0
5489.0
5097.0
5059.0
5891.0
5453.0
4990.0
6006.0
5574.0
5152.0
5463.0
5650.0
4942.0
4497.0
5099.0
4847.0
5627.0
5481.0
5575.0
4967.0
5412.0
5209.0
4974.0
5000.0
5297.0
5471.0
5072.0
5423.0
5358.0
4502.0
4785.0
6427.0
5984.0
5467.0
5638.0
5693.0
5462.0
5408.0
5245.0
5602.0
5533.0
5233.0
4882.0
5340.0
5559.0
5581.0
4939.0
5346.0
Run Stats for experiment at: 06-03-2018 19:04:10
4615.0
5253.0
5166.0
4961.0
5178.0
4939.0
4579.0
5095.0
4734.0
4829.0
5117.0
4540.0
5137.0
5215.0
4687.0
5523.0
4875.0
5346.0
4975.0
4724.0
5324.0
5206.0
5153.0
4902.0
5436.0
5185.0
5327.0
5173.0
5119.0
5106.0
4843.0
4892.0
5265.0
5155.0
5557.0
4689.0
4845.0
5148.0
5136.0
5482.0
4617.0
5305.0
4938.0
4682.0
5202.0
5137.0
5043.0
4949.0
4893.0
5410.0
4986.0
5155.0
5229.0
5086.0
5128.0
5226.0
5142.0
4789.0
5269.0
5158.0
5707.0
5181.0
5068.0
4528.0
5194.0
5526.0
4787.0
5157.0
4928.0
4673.0
4750.0
4816.0
5129.0
4655.0
4296.0
5110.0
5016.0
5195.0
4726.0
4944.0
5246.0
5223.0
4953.0
5156.0
5429.0
4794.0
5082.0
4779.0
4809.0
4868.0
4544.0
5334.0
5622.0
5011.0
5126.0
4483.0
4944.0
5285.0
4888.0
4980.0
Run Stats for experiment at: 06-03-2018 19:04:50
5072.0
5543.0
4789.0
5144.0
5276.0
4950.0
4913.0
4564.0
4889.0
4605.0
5287.0
5431.0
5156.0
5081.0
5156.0
5424.0
4814.0
4978.0
4745.0
5259.0
5412.0
4815.0
5003.0
4618.0
5192.0
5028.0
5087.0
5439.0
5024.0
5310.0
4828.0
5571.0
5072.0
4776.0
4630.0
4725.0
4880.0
5259.0
4982.0
5171.0
5188.0
5126.0
4748.0
4384.0
5267.0
4896.0
4668.0
4271.0
5114.0
5660.0
4551.0
4560.0
4843.0
4884.0
5293.0
5015.0
5077.0
5692.0
4533.0
5090.0
4528.0
4866.0
4780.0
4880.0
5166.0
5274.0
5153.0
4868.0
4519.0
5027.0
4541.0
4505.0
4429.0
5264.0
4772.0
4906.0
4784.0
5037.0
5144.0
4782.0
4624.0
5367.0
5476.0
5104.0
5121.0
5000.0
5073.0
5058.0
5056.0
5050.0
5287.0
5196.0
5380.0
4922.0
4831.0
4542.0
4998.0
4883.0
4972.0
4588.0
Run Stats for experiment at: 06-03-2018 19:05:43
5188.0
4940.0
4959.0
4813.0
4794.0
5586.0
5196.0
5149.0
4800.0
5216.0
5140.0
4684.0
5253.0
5358.0
5179.0
4895.0
4910.0
4810.0
5215.0
4684.0
4855.0
5241.0
5258.0
5320.0
5320.0
4289.0
5338.0
4735.0
4797.0
5487.0
5022.0
4685.0
5072.0
5211.0
4922.0
5059.0
4832.0
5147.0
5567.0
5116.0
5241.0
5148.0
5602.0
4897.0
4773.0
4903.0
4843.0
4772.0
4837.0
5570.0
5500.0
5422.0
4979.0
5383.0
5108.0
5008.0
5412.0
5006.0
5155.0
4871.0
5306.0
5206.0
5815.0
5233.0
4991.0
4977.0
4895.0
4804.0
4869.0
4967.0
4768.0
5423.0
4905.0
4976.0
5228.0
4971.0
4805.0
5172.0
5019.0
4797.0
5227.0
5191.0
4712.0
5271.0
4751.0
5450.0
4860.0
4735.0
5163.0
4665.0
5144.0
5047.0
4657.0
5088.0
4925.0
5708.0
4975.0
4897.0
4767.0
5318.0
Run Stats for experiment at: 06-03-2018 19:26:25
4714.0
4619.0
4227.0
4986.0
4874.0
4737.0
4317.0
4628.0
4347.0
4939.0
4958.0
4491.0
4553.0
4635.0
4676.0
4557.0
4642.0
4427.0
4719.0
5181.0
4679.0
4911.0
4952.0
4795.0
5008.0
4781.0
4822.0
4878.0
4866.0
4525.0
4889.0
4153.0
4489.0
4543.0
4838.0
4499.0
4642.0
4791.0
4893.0
4737.0
4804.0
4756.0
4622.0
4664.0
4676.0
4109.0
4624.0
4637.0
4817.0
4978.0
4137.0
4661.0
4756.0
4874.0
4981.0
5085.0
4862.0
4561.0
5182.0
4850.0
4493.0
4513.0
4618.0
5133.0
4742.0
4767.0
4753.0
4567.0
4824.0
5165.0
4774.0
4342.0
4963.0
4442.0
4707.0
5203.0
4997.0
4704.0
5202.0
4738.0
4555.0
4602.0
4656.0
4778.0
4700.0
4005.0
4737.0
4453.0
4955.0
4788.0
4483.0
4525.0
4735.0
4660.0
4711.0
5060.0
4754.0
4424.0
4919.0
4456.0
Run Stats for experiment at: 06-03-2018 19:27:05
4940.0
4584.0
4743.0
4758.0
4799.0
4519.0
5151.0
4555.0
4816.0
5352.0
4927.0
4447.0
4481.0
4263.0
4634.0
4807.0
4709.0
4655.0
4999.0
5120.0
4548.0
5219.0
5161.0
5153.0
4921.0
4813.0
5061.0
4753.0
4725.0
4857.0
4850.0
4448.0
4801.0
4532.0
4986.0
4395.0
5076.0
4426.0
4974.0
4824.0
5148.0
4732.0
4589.0
4650.0
4712.0
4750.0
5001.0
4598.0
4769.0
4930.0
4410.0
4452.0
4509.0
5007.0
4725.0
4506.0
4916.0
4964.0
4675.0
4771.0
4841.0
5053.0
4525.0
4643.0
4934.0
3904.0
4641.0
4305.0
4838.0
4978.0
4423.0
5101.0
5234.0
4838.0
4713.0
4417.0
4868.0
4349.0
4809.0
4661.0
4833.0
4335.0
5050.0
4572.0
4740.0
4982.0
4425.0
5000.0
4715.0
4758.0
4791.0
4591.0
4340.0
4757.0
4712.0
4817.0
4509.0
4940.0
4962.0
5125.0
Run Stats for experiment at: 06-03-2018 19:29:46
8047.0
8294.0
8348.0
8355.0
7817.0
8780.0
7733.0
8204.0
8466.0
7699.0
7990.0
7974.0
7839.0
8325.0
8103.0
7930.0
8265.0
8038.0
8494.0
8350.0
7515.0
7759.0
8282.0
8357.0
8318.0
8125.0
8275.0
Run Stats for experiment at: 06-03-2018 19:30:07
4835.0
4845.0
4787.0
4928.0
4822.0
4829.0
4442.0
4673.0
4876.0
4601.0
4201.0
4324.0
4568.0
4892.0
4915.0
4691.0
4560.0
4780.0
4897.0
4966.0
4832.0
4716.0
4658.0
4477.0
4853.0
4359.0
4750.0
4636.0
4734.0
4643.0
4761.0
4449.0
4916.0
4820.0
4691.0
4962.0
4397.0
5046.0
4516.0
4412.0
4890.0
4915.0
4925.0
4454.0
4621.0
4586.0
4823.0
4465.0
4698.0
4767.0
4738.0
4712.0
4591.0
4591.0
4772.0
4481.0
4830.0
4954.0
4675.0
4889.0
4554.0
4565.0
4880.0
4359.0
4857.0
4821.0
4423.0
4473.0
4665.0
4633.0
4467.0
4600.0
4659.0
4331.0
4866.0
4404.0
4684.0
4858.0
4695.0
4704.0
4387.0
4824.0
4245.0
4686.0
4580.0
4837.0
4702.0
4917.0
4737.0
4836.0
5138.0
4621.0
4577.0
4668.0
4471.0
4356.0
4325.0
4467.0
4640.0
4799.0
Run Stats for experiment at: 06-03-2018 19:30:52
4886.0
4932.0
4655.0
4895.0
4393.0
4583.0
4595.0
5379.0
4823.0
4689.0
5059.0
4728.0
4536.0
4722.0
4631.0
4870.0
4447.0
4708.0
4245.0
4276.0
5078.0
4535.0
4674.0
4752.0
4620.0
4654.0
4718.0
4702.0
4790.0
5105.0
4577.0
5147.0
4663.0
4879.0
4174.0
4827.0
4723.0
4804.0
5032.0
4749.0
5043.0
3980.0
5167.0
5609.0
5306.0
5060.0
4523.0
5175.0
5076.0
4366.0
4680.0
5053.0
5288.0
4559.0
4471.0
4733.0
4709.0
4921.0
5066.0
4701.0
4541.0
4608.0
4806.0
4971.0
4756.0
4627.0
4731.0
4867.0
4605.0
5168.0
4447.0
4639.0
4818.0
4589.0
4887.0
4649.0
4815.0
4682.0
4374.0
4780.0
4841.0
5004.0
4474.0
4492.0
4447.0
4867.0
4835.0
4319.0
4841.0
5055.0
5114.0
4897.0
4531.0
4850.0
4516.0
4512.0
4940.0
4541.0
4767.0
4843.0
Run Stats for experiment at: 06-03-2018 19:31:37
4521.0
5961.0
5151.0
4960.0
5782.0
5414.0
4989.0
5746.0
6135.0
5777.0
5822.0
6204.0
5127.0
5724.0
5401.0
5683.0
5792.0
6119.0
5233.0
6163.0
5117.0
5127.0
5989.0
6036.0
4860.0
4898.0
5418.0
5877.0
5772.0
5610.0
5870.0
5617.0
5406.0
4892.0
6391.0
5917.0
5251.0
5519.0
5515.0
5559.0
5556.0
5162.0
6193.0
5551.0
5729.0
5888.0
6224.0
5077.0
5868.0
5055.0
5205.0
5111.0
6357.0
5564.0
5501.0
5783.0
5415.0
5350.0
5687.0
5369.0
5444.0
5560.0
5129.0
5785.0
5403.0
5451.0
5631.0
5055.0
5410.0
5534.0
6302.0
5725.0
5530.0
5422.0
5418.0
6251.0
5744.0
5015.0
5957.0
5742.0
5628.0
5524.0
5921.0
5159.0
5465.0
6184.0
5449.0
5340.0
5532.0
6344.0
5509.0
5427.0
5899.0
5857.0
5255.0
5814.0
6038.0
5253.0
5010.0
5620.0
Run Stats for experiment at: 06-03-2018 19:32:58
Run Stats for experiment at: 06-03-2018 19:33:41
4682.0
5093.0
4751.0
4815.0
5154.0
4859.0
5010.0
4686.0
4845.0
4749.0
4773.0
4869.0
4993.0
4619.0
4336.0
4493.0
4767.0
4829.0
5073.0
4598.0
4734.0
4412.0
4482.0
5113.0
4658.0
4085.0
5082.0
4355.0
5014.0
4225.0
4507.0
4758.0
4428.0
4779.0
4356.0
4990.0
4758.0
4932.0
4914.0
4690.0
4689.0
4949.0
4580.0
4849.0
4232.0
4403.0
4712.0
4917.0
4629.0
4562.0
4997.0
4583.0
4913.0
4436.0
4467.0
4567.0
4648.0
4958.0
5278.0
4741.0
4897.0
4040.0
4917.0
4240.0
4690.0
4958.0
4998.0
4951.0
4520.0
4811.0
5438.0
5109.0
4598.0
4451.0
4370.0
5310.0
4780.0
4987.0
4551.0
4958.0
5032.0
4853.0
4543.0
4770.0
4878.0
4698.0
4607.0
4285.0
4693.0
4737.0
4995.0
5040.0
4642.0
4668.0
4899.0
4785.0
5329.0
4752.0
4930.0
4718.0
Run Stats for experiment at: 06-03-2018 19:34:25
4397.0
4762.0
5263.0
4513.0
4519.0
4399.0
4614.0
4989.0
4690.0
4599.0
4385.0
4361.0
4655.0
4603.0
4857.0
4921.0
4856.0
4944.0
4841.0
4452.0
4479.0
4486.0
4785.0
4924.0
4435.0
4577.0
4664.0
4855.0
4572.0
4666.0
4611.0
4665.0
4589.0
4639.0
4578.0
4839.0
4757.0
4528.0
4546.0
4364.0
4653.0
4753.0
4573.0
4707.0
4619.0
4988.0
5153.0
4691.0
4604.0
4601.0
4909.0
4730.0
5021.0
4709.0
4484.0
4784.0
4830.0
4504.0
4764.0
4805.0
4355.0
5064.0
4421.0
4561.0
4626.0
4515.0
4554.0
4790.0
4663.0
4146.0
5146.0
4560.0
5121.0
4739.0
4770.0
4984.0
4651.0
4744.0
4688.0
4518.0
4933.0
5073.0
4161.0
4877.0
4846.0
4419.0
4778.0
4996.0
4891.0
4920.0
4826.0
4913.0
4790.0
4268.0
4946.0
4644.0
4435.0
4311.0
4339.0
4715.0
Run Stats for experiment at: 06-03-2018 20:13:35
Run Stats for experiment at: 06-03-2018 20:14:21
Run Stats for experiment at: 06-03-2018 20:14:27
Run Stats for experiment at: 06-03-2018 20:15:37
2665.0
Run Stats for experiment at: 06-03-2018 20:17:48
2649.0
2779.0
2648.0
2794.0
2628.0
2762.0
2638.0
2647.0
2669.0
2726.0
2711.0
2683.0
2657.0
2709.0
2686.0
2644.0
2656.0
2715.0
2640.0
2778.0
2647.0
2568.0
Run Stats for experiment at: 06-03-2018 20:23:58
3023.0
2737.0
2932.0
2875.0
3008.0
3002.0
3085.0
3023.0
2952.0
2905.0
2718.0
3036.0
2983.0
3105.0
2879.0
2795.0
2839.0
2835.0
3125.0
2707.0
3026.0
3086.0
3092.0
2953.0
3011.0
3105.0
3088.0
2821.0
2903.0
2919.0
3103.0
2794.0
3021.0
2882.0
2929.0
2810.0
2880.0
2965.0
2962.0
2869.0
2987.0
3107.0
2711.0
3029.0
3102.0
3135.0
2993.0
2854.0
3055.0
2902.0
2860.0
2876.0
2809.0
2952.0
3124.0
2817.0
3068.0
3093.0
3118.0
3061.0
2941.0
3072.0
2890.0
3078.0
3034.0
2808.0
3075.0
2998.0
2793.0
3033.0
2936.0
2952.0
2942.0
3020.0
2919.0
2768.0
3144.0
2942.0
2903.0
2770.0
2871.0
3076.0
2943.0
2915.0
2875.0
3170.0
3200.0
2869.0
2972.0
2915.0
2647.0
2914.0
3178.0
3018.0
2922.0
2875.0
2821.0
2794.0
2947.0
2957.0
Run Stats for experiment at: 06-03-2018 20:27:41
4624.0
4137.0
3638.0
4372.0
4371.0
4622.0
3548.0
3801.0
4134.0
3172.0
4286.0
4168.0
4283.0
4288.0
3712.0
3824.0
4455.0
4268.0
3468.0
4262.0
3870.0
4120.0
4532.0
4475.0
3532.0
4406.0
4056.0
4750.0
4038.0
3532.0
4342.0
3697.0
4148.0
4294.0
3566.0
4594.0
4676.0
4816.0
3839.0
4025.0
4243.0
3318.0
3894.0
4372.0
3576.0
4682.0
4144.0
4396.0
4662.0
4375.0
4692.0
3892.0
3877.0
3716.0
4552.0
3221.0
4203.0
4775.0
3709.0
4141.0
4239.0
4029.0
4476.0
4526.0
3771.0
4303.0
4340.0
4131.0
3699.0
4609.0
4532.0
4089.0
4215.0
3524.0
3700.0
3457.0
4516.0
3690.0
3478.0
4053.0
4457.0
4482.0
4004.0
4352.0
4364.0
4524.0
3925.0
3940.0
4809.0
3961.0
4529.0
3560.0
4394.0
3590.0
4535.0
4343.0
4353.0
3604.0
3858.0
4468.0
Run Stats for experiment at: 06-03-2018 20:28:27
3385.0
3544.0
3692.0
3211.0
2950.0
3518.0
3318.0
3052.0
3294.0
3780.0
3213.0
3432.0
3293.0
3869.0
3476.0
3698.0
3584.0
3162.0
3317.0
2836.0
3257.0
2968.0
3252.0
3341.0
4051.0
3303.0
3579.0
3065.0
3310.0
3116.0
3456.0
3490.0
3183.0
3336.0
3320.0
3719.0
3236.0
3589.0
3508.0
3456.0
3269.0
3411.0
3262.0
3835.0
3259.0
3351.0
3341.0
3785.0
3534.0
3025.0
3411.0
3262.0
3277.0
3310.0
3163.0
3399.0
3352.0
3748.0
3298.0
3653.0
3374.0
3372.0
3531.0
3310.0
3428.0
3463.0
3878.0
3506.0
3819.0
3638.0
3383.0
3644.0
3158.0
3888.0
3033.0
3370.0
3414.0
3055.0
3199.0
3458.0
3416.0
3228.0
3257.0
3281.0
3424.0
3098.0
3319.0
3427.0
3238.0
3240.0
3613.0
3069.0
3318.0
3318.0
3712.0
3338.0
3994.0
3257.0
3332.0
3150.0
Run Stats for experiment at: 06-03-2018 20:31:47
Run Stats for experiment at: 06-03-2018 20:32:46
2821.0
2915.0
3030.0
3012.0
3104.0
2974.0
2865.0
3086.0
3036.0
3228.0
3166.0
3157.0
3075.0
3041.0
3163.0
2902.0
3118.0
3126.0
2890.0
2939.0
3137.0
3100.0
2974.0
3168.0
2916.0
2900.0
2944.0
3142.0
3301.0
2876.0
3003.0
2904.0
2859.0
3269.0
3013.0
3106.0
3043.0
3265.0
2923.0
2794.0
3106.0
2970.0
3180.0
3040.0
2913.0
3294.0
3209.0
3436.0
3191.0
2977.0
3045.0
2749.0
2931.0
2947.0
3003.0
3215.0
2927.0
3150.0
2934.0
3056.0
3078.0
3114.0
2964.0
3065.0
2921.0
3120.0
2979.0
2995.0
3029.0
3089.0
3163.0
2884.0
3251.0
3128.0
3148.0
3071.0
3030.0
2957.0
3179.0
3115.0
2975.0
3307.0
3110.0
2985.0
3276.0
2979.0
3268.0
2996.0
3022.0
3031.0
2859.0
2985.0
2828.0
3145.0
2716.0
3035.0
3096.0
3050.0
2982.0
2795.0
Run Stats for experiment at: 06-03-2018 20:37:48
2994.0
3033.0
3324.0
2971.0
2972.0
2959.0
3090.0
3013.0
3123.0
3181.0
3152.0
2946.0
2584.0
2857.0
2969.0
2951.0
3020.0
2953.0
3140.0
2839.0
2906.0
2740.0
2992.0
3181.0
2861.0
3125.0
2920.0
2953.0
3183.0
2980.0
3131.0
2950.0
3318.0
3057.0
3011.0
3193.0
2842.0
3042.0
3200.0
2886.0
3039.0
3089.0
2571.0
3032.0
3133.0
2990.0
3036.0
3116.0
3105.0
3149.0
2870.0
2898.0
3315.0
2821.0
3461.0
3010.0
3339.0
3021.0
3015.0
2684.0
3196.0
2963.0
2938.0
2944.0
2802.0
2924.0
2746.0
3021.0
2919.0
2911.0
3067.0
3264.0
3025.0
3044.0
2927.0
3177.0
3150.0
2928.0
2861.0
3056.0
2876.0
3209.0
2953.0
3009.0
2989.0
3108.0
2954.0
2900.0
2959.0
3438.0
3396.0
3047.0
3204.0
3064.0
3158.0
3158.0
3058.0
3243.0
3168.0
3096.0
Run Stats for experiment at: 06-03-2018 21:02:24
3183.0
2768.0
3071.0
2679.0
3151.0
3046.0
2894.0
3063.0
2729.0
3437.0
3162.0
3150.0
3106.0
3227.0
3044.0
3095.0
2826.0
3041.0
3076.0
2967.0
3073.0
3133.0
3003.0
3344.0
3040.0
3007.0
2787.0
2931.0
3231.0
3091.0
3058.0
3288.0
2953.0
3314.0
3220.0
2909.0
2732.0
2980.0
2897.0
3106.0
3126.0
3052.0
3133.0
2890.0
3252.0
2735.0
3029.0
3323.0
2986.0
3069.0
2897.0
3226.0
3132.0
3096.0
3042.0
3050.0
2864.0
3053.0
2900.0
2886.0
2910.0
3168.0
2976.0
3086.0
2751.0
3100.0
2993.0
3118.0
3384.0
2907.0
3013.0
2903.0
2721.0
3115.0
2920.0
2936.0
3179.0
3226.0
2926.0
3265.0
2884.0
2960.0
3043.0
2949.0
3282.0
3234.0
3353.0
3153.0
3015.0
2959.0
2773.0
3186.0
3059.0
3037.0
2917.0
2740.0
3153.0
3315.0
3108.0
2952.0
Run Stats for experiment at: 06-03-2018 21:05:37
2784.0
3093.0
3606.0
3014.0
3199.0
3024.0
3102.0
3197.0
3335.0
2823.0
3075.0
3135.0
3187.0
3272.0
2972.0
3063.0
3080.0
3019.0
3201.0
3240.0
3031.0
3074.0
2769.0
2837.0
3171.0
3187.0
3109.0
3063.0
2916.0
2812.0
2891.0
2921.0
2825.0
2965.0
2910.0
2802.0
3266.0
3059.0
3223.0
2937.0
3388.0
2927.0
2966.0
3138.0
3275.0
2894.0
3092.0
3120.0
3176.0
2944.0
3076.0
3165.0
3104.0
3206.0
3090.0
3365.0
3008.0
3203.0
2889.0
3109.0
3152.0
3183.0
3353.0
3175.0
3152.0
3573.0
3117.0
3188.0
3273.0
2861.0
3002.0
3048.0
3121.0
3194.0
3051.0
3028.0
2949.0
2799.0
2849.0
3165.0
3009.0
3135.0
3113.0
2934.0
3109.0
2971.0
3112.0
3116.0
2845.0
3171.0
2907.0
2929.0
3068.0
3263.0
2671.0
3214.0
3270.0
2892.0
2948.0
2993.0
Run Stats for experiment at: 06-03-2018 21:06:41
Run Stats for experiment at: 06-03-2018 21:06:56
3210.0
3227.0
3171.0
3316.0
3226.0
Run Stats for experiment at: 06-03-2018 21:07:03
3417.0
3307.0
3602.0
3388.0
3173.0
3373.0
3534.0
3542.0
3393.0
3384.0
3307.0
3369.0
3450.0
3458.0
3225.0
3430.0
3892.0
2950.0
3269.0
3274.0
3749.0
3802.0
3376.0
3079.0
3439.0
3815.0
3814.0
3644.0
3252.0
3996.0
3385.0
3287.0
3386.0
3303.0
3233.0
3809.0
3752.0
3366.0
3978.0
3923.0
3503.0
3384.0
3450.0
3844.0
3454.0
3857.0
3448.0
4087.0
3366.0
3062.0
3473.0
3569.0
3452.0
3372.0
3447.0
3453.0
3981.0
3668.0
3458.0
3229.0
3326.0
3241.0
3407.0
3080.0
3438.0
3455.0
3420.0
3613.0
3828.0
3289.0
3230.0
3368.0
3343.0
3481.0
3236.0
2898.0
3407.0
3407.0
3629.0
3500.0
3308.0
3260.0
3149.0
3988.0
3800.0
3134.0
3004.0
3454.0
3632.0
3173.0
3604.0
3492.0
3254.0
3215.0
3162.0
3116.0
3410.0
3410.0
3341.0
3291.0
Run Stats for experiment at: 06-03-2018 21:16:24
2927.0
2987.0
2993.0
3169.0
3222.0
3356.0
3607.0
3421.0
3186.0
3377.0
3292.0
3614.0
3317.0
3063.0
3092.0
3481.0
3310.0
3262.0
3438.0
3595.0
3519.0
3499.0
3371.0
3434.0
3792.0
3688.0
3501.0
3479.0
3663.0
3211.0
3356.0
3077.0
3235.0
3475.0
3301.0
3155.0
2995.0
3314.0
3135.0
3494.0
3317.0
3030.0
3180.0
3823.0
3287.0
3279.0
3125.0
3439.0
2931.0
3421.0
3157.0
3967.0
3367.0
3156.0
3353.0
3573.0
3382.0
3619.0
3980.0
3157.0
3524.0
3199.0
3139.0
3906.0
3338.0
3288.0
4269.0
3292.0
3242.0
3072.0
3242.0
3946.0
3329.0
3241.0
3618.0
3538.0
3507.0
3218.0
3422.0
3357.0
3193.0
3457.0
3409.0
3418.0
3256.0
3193.0
3365.0
3164.0
3537.0
3056.0
3130.0
3774.0
3663.0
3225.0
3423.0
3259.0
3189.0
3289.0
3380.0
3058.0
Run Stats for experiment at: 06-03-2018 21:22:00
3239.0
3422.0
3143.0
Run Stats for experiment at: 06-03-2018 21:24:11
3069.0
3637.0
3529.0
3233.0
3286.0
3183.0
3594.0
3077.0
3704.0
3326.0
3456.0
3083.0
3288.0
3334.0
3965.0
3201.0
3478.0
3641.0
3416.0
3283.0
3573.0
3715.0
3612.0
3277.0
3288.0
3549.0
3271.0
3339.0
3823.0
3586.0
4284.0
3474.0
3568.0
3471.0
3309.0
3623.0
3588.0
3166.0
3741.0
3057.0
3115.0
3406.0
3603.0
2989.0
3057.0
3455.0
3767.0
3516.0
3320.0
3005.0
3544.0
3071.0
3989.0
3417.0
3547.0
3455.0
3569.0
3854.0
3098.0
3448.0
3271.0
2962.0
3243.0
3331.0
3011.0
3279.0
3641.0
3306.0
3491.0
3395.0
3265.0
3316.0
3168.0
4126.0
3171.0
3651.0
3838.0
2937.0
3275.0
3571.0
3429.0
3202.0
3550.0
3065.0
3345.0
3259.0
3357.0
3350.0
3252.0
3227.0
3283.0
3407.0
3421.0
3530.0
3183.0
3435.0
3610.0
4404.0
3492.0
3300.0
Run Stats for experiment at: 06-03-2018 21:29:34
3262.0
3718.0
3438.0
3282.0
3731.0
3109.0
2945.0
3441.0
3598.0
3216.0
3555.0
3512.0
3380.0
3401.0
3715.0
3403.0
3160.0
3623.0
3275.0
4178.0
3488.0
3367.0
3548.0
3672.0
3256.0
3418.0
3298.0
3314.0
3697.0
3442.0
3834.0
3415.0
3213.0
3334.0
3171.0
3127.0
3280.0
3256.0
3162.0
3436.0
3034.0
3491.0
3434.0
3382.0
3506.0
3570.0
3168.0
2849.0
3431.0
3039.0
3468.0
2881.0
3614.0
3243.0
3545.0
3154.0
3612.0
3463.0
3212.0
3430.0
3402.0
4043.0
3366.0
3214.0
3600.0
3288.0
3274.0
3468.0
3768.0
3694.0
3481.0
3227.0
3054.0
3607.0
3089.0
3642.0
3493.0
3359.0
3782.0
3433.0
3788.0
3466.0
3493.0
2988.0
3908.0
3134.0
3976.0
3313.0
3334.0
3407.0
3194.0
3570.0
3287.0
3316.0
3340.0
3752.0
3234.0
3048.0
3713.0
3368.0
Run Stats for experiment at: 06-03-2018 21:33:29
3695.0
3418.0
3404.0
3282.0
3636.0
3128.0
3183.0
3512.0
3479.0
3416.0
3644.0
3103.0
3185.0
3252.0
3164.0
3071.0
3068.0
3512.0
3622.0
3338.0
3323.0
3176.0
3146.0
3702.0
3224.0
3271.0
4408.0
4053.0
3143.0
3586.0
3200.0
3375.0
3446.0
3355.0
3562.0
3350.0
3477.0
3207.0
3519.0
3218.0
3152.0
3322.0
3326.0
3390.0
3625.0
3585.0
3302.0
3386.0
3419.0
3658.0
3215.0
3429.0
2984.0
3439.0
3290.0
3579.0
3086.0
3267.0
3107.0
3109.0
3892.0
3323.0
3117.0
3346.0
3553.0
3363.0
3597.0
3538.0
3431.0
3639.0
3270.0
3388.0
3558.0
3455.0
3204.0
3109.0
3781.0
4234.0
3108.0
3262.0
3321.0
3292.0
3288.0
3332.0
3482.0
3005.0
2955.0
3694.0
3244.0
3665.0
3243.0
3248.0
3278.0
3078.0
3398.0
3298.0
3157.0
3763.0
2766.0
3438.0
