Run Stats for experiment at: 04-23-2018 13:18:28
10099.0
Run Stats for experiment at: 04-23-2018 13:21:06
9810.0
Run Stats for experiment at: 05-04-2018 09:52:34
9933.0
9961.0
9850.0
9218.0
10078.0
10070.0
10224.0
9879.0
10164.0
9538.0
9767.0
9934.0
9783.0
10285.0
9848.0
9668.0
9846.0
9971.0
9810.0
9980.0
10016.0
9556.0
9326.0
9621.0
9801.0
9868.0
9711.0
10223.0
10083.0
9470.0
10102.0
9765.0
10016.0
9967.0
9806.0
10024.0
10032.0
9793.0
9903.0
9866.0
9876.0
10148.0
9292.0
10179.0
9885.0
9882.0
9896.0
9655.0
9437.0
10006.0
9428.0
10035.0
10128.0
9694.0
10008.0
9849.0
9676.0
10147.0
10166.0
10084.0
9967.0
10388.0
9777.0
9784.0
9878.0
10191.0
9307.0
9986.0
10012.0
10138.0
10166.0
10249.0
10029.0
9840.0
9426.0
10193.0
9933.0
10226.0
9754.0
9788.0
9530.0
9924.0
9875.0
9971.0
9703.0
10118.0
10214.0
9771.0
9295.0
9743.0
9776.0
9753.0
10230.0
9943.0
9910.0
9918.0
9693.0
Run Stats for experiment at: 05-04-2018 09:54:19
10009.0
9781.0
10209.0
9842.0
9771.0
9815.0
9920.0
9552.0
9534.0
9966.0
10171.0
9751.0
10187.0
10172.0
9686.0
9672.0
10073.0
10126.0
9871.0
10144.0
10035.0
10033.0
10017.0
9661.0
10288.0
10048.0
10143.0
10094.0
9460.0
9619.0
9680.0
9822.0
9557.0
10047.0
9793.0
9701.0
10031.0
9823.0
9649.0
10120.0
9959.0
9872.0
9845.0
9874.0
9606.0
9912.0
9130.0
9301.0
10177.0
9194.0
9969.0
9705.0
9991.0
9791.0
9645.0
9239.0
9567.0
9389.0
10021.0
9630.0
10109.0
10020.0
10113.0
10079.0
10383.0
10165.0
9873.0
9748.0
9966.0
9972.0
9718.0
10211.0
10203.0
9482.0
10086.0
10423.0
9814.0
9757.0
9407.0
9571.0
10106.0
9831.0
9913.0
9672.0
10060.0
9936.0
9894.0
9939.0
10083.0
9792.0
9566.0
10138.0
10052.0
9554.0
10118.0
9909.0
9726.0
9978.0
9832.0
9958.0
